c:\users\artem\source\repos\polimorpheus\лабы\laba2\x64\debug\vc143.pdb
c:\users\artem\source\repos\polimorpheus\лабы\laba2\x64\debug\vc143.idb
c:\users\artem\source\repos\polimorpheus\лабы\laba2\x64\debug\trackedobject.obj
c:\users\artem\source\repos\polimorpheus\лабы\laba2\x64\debug\tlinkedlist.obj
c:\users\artem\source\repos\polimorpheus\лабы\laba2\x64\debug\sequence.obj
c:\users\artem\source\repos\polimorpheus\лабы\laba2\x64\debug\llsequencetests.obj
c:\users\artem\source\repos\polimorpheus\лабы\laba2\x64\debug\llsequence.obj
c:\users\artem\source\repos\polimorpheus\лабы\laba2\x64\debug\linkedlist.obj
c:\users\artem\source\repos\polimorpheus\лабы\laba2\x64\debug\laba2.obj
c:\users\artem\source\repos\polimorpheus\лабы\laba2\x64\debug\dynamicarraytests.obj
c:\users\artem\source\repos\polimorpheus\лабы\laba2\x64\debug\dynamicarray.obj
c:\users\artem\source\repos\polimorpheus\лабы\laba2\x64\debug\asequencetests.obj
c:\users\artem\source\repos\polimorpheus\лабы\laba2\x64\debug\asequence.obj
c:\users\artem\source\repos\polimorpheus\лабы\x64\debug\laba2.exe
c:\users\artem\source\repos\polimorpheus\лабы\x64\debug\laba2.pdb
c:\users\artem\source\repos\polimorpheus\лабы\laba2\x64\debug\laba2.ilk
c:\users\artem\source\repos\polimorpheus\лабы\laba2\x64\debug\laba2.tlog\cl.command.1.tlog
c:\users\artem\source\repos\polimorpheus\лабы\laba2\x64\debug\laba2.tlog\cl.items.tlog
c:\users\artem\source\repos\polimorpheus\лабы\laba2\x64\debug\laba2.tlog\cl.read.1.tlog
c:\users\artem\source\repos\polimorpheus\лабы\laba2\x64\debug\laba2.tlog\cl.write.1.tlog
c:\users\artem\source\repos\polimorpheus\лабы\laba2\x64\debug\laba2.tlog\link.command.1.tlog
c:\users\artem\source\repos\polimorpheus\лабы\laba2\x64\debug\laba2.tlog\link.read.1.tlog
c:\users\artem\source\repos\polimorpheus\лабы\laba2\x64\debug\laba2.tlog\link.secondary.1.tlog
c:\users\artem\source\repos\polimorpheus\лабы\laba2\x64\debug\laba2.tlog\link.write.1.tlog
